<?xml version="1.0" encoding="UTF-8"?>
<!-- Generated by org.testng.reporters.JUnitReportReporter -->
<testsuite skipped="0" hostname="DESKTOP-6AO2MKO" name="testRunners.FirstRunner" tests="1" failures="0" timestamp="2020-03-28T17:09:51 CST" time="26.214" errors="0">
  <testcase name="runScenario" time="26.214" classname="testRunners.FirstRunner"/>
  <system-out/>
</testsuite> <!-- testRunners.FirstRunner -->
