<?xml version="1.0" encoding="UTF-8"?>
<!-- Generated by org.testng.reporters.JUnitReportReporter -->
<testsuite skipped="0" hostname="DESKTOP-6AO2MKO" name="testRunners.FirstRunner" tests="1" failures="0" timestamp="2020-04-01T23:58:49 CST" time="24.608" errors="0">
  <testcase name="runScenario" time="24.608" classname="testRunners.FirstRunner"/>
  <system-out/>
</testsuite> <!-- testRunners.FirstRunner -->
